2025-03-29 18:40:19,285 - INFO - Client 1 server started at address localhost:50052
2025-03-29 18:40:19,295 - INFO - Client 1 successfully registered with FL server
2025-03-29 18:40:32,648 - INFO - Receiving file: fl_config.json
2025-03-29 18:40:32,649 - INFO - Received first chunk of 130 bytes
2025-03-29 18:40:32,650 - INFO - File transfer completed. Total chunks: 1, Total bytes: 130
2025-03-29 18:40:32,653 - INFO - Receiving file: initialized_model.pt
2025-03-29 18:40:32,653 - INFO - Received first chunk of 1024 bytes
2025-03-29 18:40:32,654 - INFO - Received chunk 2 of 1024 bytes
2025-03-29 18:40:32,654 - INFO - Received chunk 3 of 1024 bytes
2025-03-29 18:40:32,654 - INFO - Received chunk 4 of 1024 bytes
2025-03-29 18:40:32,655 - INFO - Received chunk 5 of 1024 bytes
2025-03-29 18:40:32,655 - INFO - Received chunk 6 of 1024 bytes
2025-03-29 18:40:32,655 - INFO - Received chunk 7 of 1024 bytes
2025-03-29 18:40:32,656 - INFO - Received chunk 8 of 1024 bytes
2025-03-29 18:40:32,656 - INFO - Received chunk 9 of 1024 bytes
2025-03-29 18:40:32,656 - INFO - Received chunk 10 of 1024 bytes
2025-03-29 18:40:32,656 - INFO - Received chunk 11 of 1024 bytes
2025-03-29 18:40:32,656 - INFO - Received chunk 12 of 1024 bytes
2025-03-29 18:40:32,657 - INFO - Received chunk 13 of 1024 bytes
2025-03-29 18:40:32,657 - INFO - Received chunk 14 of 1024 bytes
2025-03-29 18:40:32,657 - INFO - Received chunk 15 of 1024 bytes
2025-03-29 18:40:32,657 - INFO - Received chunk 16 of 172 bytes
2025-03-29 18:40:32,657 - INFO - File transfer completed. Total chunks: 16, Total bytes: 15532
2025-03-29 18:40:39,432 - INFO - Starting training for round 0
2025-03-29 18:40:39,433 - INFO - Loaded FL config: {'num_epochs': 1, 'learning_rate': 1.0, 'optimizer': 'SGD', 'batch_size': 32, 'model_type': 'DiabetesMLP', 'client_fraction': 1.0}
2025-03-29 18:40:39,438 - INFO - Model weights loaded from received_files/initialized_model.pt
2025-03-29 18:40:39,439 - INFO - Federated learning initialized successfully
2025-03-29 18:40:39,440 - INFO - Initialized model saved to /home/archisha/Sem6/DS/Project/DistLearn/clients/2/models/round_0.pt
2025-03-29 18:40:39,441 - INFO - Model weights loaded from ./models/round_0.pt
2025-03-29 18:40:39,942 - INFO - Starting training for round 1
2025-03-29 18:40:39,943 - INFO - Model weights loaded from ./models/round_1.pt
2025-03-29 18:40:39,973 - INFO - Starting training for round 2
2025-03-29 18:40:39,974 - INFO - Model weights loaded from ./models/round_2.pt
2025-03-29 18:40:40,004 - INFO - Starting training for round 3
2025-03-29 18:40:40,005 - INFO - Model weights loaded from ./models/round_3.pt
2025-03-29 18:40:40,046 - INFO - Starting training for round 4
2025-03-29 18:40:40,048 - INFO - Model weights loaded from ./models/round_4.pt
2025-03-29 18:40:40,093 - INFO - Starting training for round 5
2025-03-29 18:40:40,094 - INFO - Model weights loaded from ./models/round_5.pt
2025-03-29 18:40:40,140 - INFO - Starting training for round 6
2025-03-29 18:40:40,141 - INFO - Model weights loaded from ./models/round_6.pt
2025-03-29 18:40:40,176 - INFO - Starting training for round 7
2025-03-29 18:40:40,177 - INFO - Model weights loaded from ./models/round_7.pt
2025-03-29 18:40:40,205 - INFO - Starting training for round 8
2025-03-29 18:40:40,206 - INFO - Model weights loaded from ./models/round_8.pt
2025-03-29 18:40:40,238 - INFO - Starting training for round 9
2025-03-29 18:40:40,239 - INFO - Model weights loaded from ./models/round_9.pt
